<?xml version="1.0" encoding="UTF-8"?>
<!-- Generated by org.testng.reporters.JUnitXMLReporter -->
<testsuite ignored="0" hostname="LAPTOP-39100DHL" failures="0" tests="3" name="Test" time="21.863" errors="0" timestamp="2024-02-25T17:11:48 IST">
  <testcase classname="com.SwagLabs.TestCases.OverviewPageTEst" name="verifyUrl" time="0.02"/>
  <testcase classname="com.SwagLabs.TestCases.OverviewPageTEst" name="verifyProductDetails" time="0.176"/>
  <testcase classname="com.SwagLabs.TestCases.OverviewPageTEst" name="verifyCompleteProcess" time="0.364"/>
</testsuite> <!-- Test -->
