<?xml version="1.0" encoding="UTF-8"?>
<!-- Generated by org.testng.reporters.JUnitXMLReporter -->
<testsuite ignored="0" hostname="LAPTOP-39100DHL" failures="0" tests="3" name="Test" time="21.173" errors="0" timestamp="2024-02-28T10:40:17 IST">
  <testcase classname="com.SwagLabs.TestCases.OverviewPageTEst" name="verifyUrl" time="0.026"/>
  <testcase classname="com.SwagLabs.TestCases.OverviewPageTEst" name="verifyProductDetails" time="0.173"/>
  <testcase classname="com.SwagLabs.TestCases.OverviewPageTEst" name="verifyCompleteProcess" time="0.232"/>
</testsuite> <!-- Test -->
