<?xml version="1.0" encoding="UTF-8"?>
<testsuite xmlns:xsi="http://www.w3.org/2001/XMLSchema-instance" xsi:noNamespaceSchemaLocation="https://maven.apache.org/surefire/maven-surefire-plugin/xsd/surefire-test-report-3.0.xsd" version="3.0" name="TestSuite" time="21.883" tests="3" errors="0" skipped="0" failures="0">
  <properties>
[...]
</properties>
  <testcase name="verifyUrl" classname="com.SwagLabs.TestCases.OverviewPageTEst" time="0.024">
    <system-out><![CDATA[***********Login***************
Application url: https://www.saucedemo.com/
Application title:Swag Labs
***********Inventory**************
Total Products are:6
******Product Names are***********
Sauce Labs Backpack
Sauce Labs Bike Light
Sauce Labs Bolt T-Shirt
Sauce Labs Fleece Jacket
Sauce Labs Onesie
Test.allTheThings() T-Shirt (Red)
Product Sauce Labs Bolt T-Shirt is added to the cart
***********Cart Page**************
Cart page is open!
Product removed From the Cart!
It should navigate to Invetory page
Product Sauce Labs Backpack is added to the cart
Cart page is open!
***********Checkout Page**************
***********Overview Page**************
Current url: https://www.saucedemo.com/checkout-step-two.html
]]></system-out>
    <system-err><![CDATA[SLF4J: Failed to load class "org.slf4j.impl.StaticLoggerBinder".
SLF4J: Defaulting to no-operation (NOP) logger implementation
SLF4J: See http://www.slf4j.org/codes.html#StaticLoggerBinder for further details.
Mar 01, 2024 4:32:09 PM org.openqa.selenium.devtools.CdpVersionFinder findNearestMatch
WARNING: Unable to find an exact match for CDP version 122, returning the closest version; found: 120; Please update to a Selenium version that supports CDP version 122
]]></system-err>
  </testcase>
  <testcase name="verifyProductDetails" classname="com.SwagLabs.TestCases.OverviewPageTEst" time="0.146">
    <system-out><![CDATA[Final Product Details are:
QTYDescription
1
Sauce Labs Backpack
carry.allTheThings() with the sleek, streamlined Sly Pack that melds uncompromising style with unequaled laptop and tablet protection.
$29.99
Payment Information
SauceCard #31337
Shipping Information
Free Pony Express Delivery!
Price Total
Item total: $29.99
Tax: $2.40
Total: $32.39
Cancel
Finish
]]></system-out>
  </testcase>
  <testcase name="verifyCompleteProcess" classname="com.SwagLabs.TestCases.OverviewPageTEst" time="0.243">
    <system-out><![CDATA[Thank you for your order!
Your order has been dispatched, and will arrive just as fast as the pony can get there!
Back Home
]]></system-out>
  </testcase>
</testsuite>